mode: atomic
github.com/go-park-mail-ru/2023_1_Seekers/internal/auth/delivery/http/handler.go:23.61,28.2 1 1
github.com/go-park-mail-ru/2023_1_Seekers/internal/auth/delivery/http/handler.go:30.67,32.33 2 1
github.com/go-park-mail-ru/2023_1_Seekers/internal/auth/delivery/http/handler.go:32.33,34.17 2 1
github.com/go-park-mail-ru/2023_1_Seekers/internal/auth/delivery/http/handler.go:34.17,36.4 1 0
github.com/go-park-mail-ru/2023_1_Seekers/internal/auth/delivery/http/handler.go:39.2,41.16 3 1
github.com/go-park-mail-ru/2023_1_Seekers/internal/auth/delivery/http/handler.go:41.16,46.3 4 0
github.com/go-park-mail-ru/2023_1_Seekers/internal/auth/delivery/http/handler.go:47.2,48.16 2 1
github.com/go-park-mail-ru/2023_1_Seekers/internal/auth/delivery/http/handler.go:48.16,49.33 1 1
github.com/go-park-mail-ru/2023_1_Seekers/internal/auth/delivery/http/handler.go:49.33,54.4 4 1
github.com/go-park-mail-ru/2023_1_Seekers/internal/auth/delivery/http/handler.go:55.3,58.9 4 0
github.com/go-park-mail-ru/2023_1_Seekers/internal/auth/delivery/http/handler.go:61.2,68.16 3 1
github.com/go-park-mail-ru/2023_1_Seekers/internal/auth/delivery/http/handler.go:68.16,73.3 4 0
github.com/go-park-mail-ru/2023_1_Seekers/internal/auth/delivery/http/handler.go:75.2,76.16 2 1
github.com/go-park-mail-ru/2023_1_Seekers/internal/auth/delivery/http/handler.go:76.16,81.3 4 0
github.com/go-park-mail-ru/2023_1_Seekers/internal/auth/delivery/http/handler.go:83.2,88.38 2 1
github.com/go-park-mail-ru/2023_1_Seekers/internal/auth/delivery/http/handler.go:91.67,93.33 2 1
github.com/go-park-mail-ru/2023_1_Seekers/internal/auth/delivery/http/handler.go:93.33,95.17 2 1
github.com/go-park-mail-ru/2023_1_Seekers/internal/auth/delivery/http/handler.go:95.17,97.4 1 0
github.com/go-park-mail-ru/2023_1_Seekers/internal/auth/delivery/http/handler.go:99.2,102.16 3 1
github.com/go-park-mail-ru/2023_1_Seekers/internal/auth/delivery/http/handler.go:102.16,107.3 4 0
github.com/go-park-mail-ru/2023_1_Seekers/internal/auth/delivery/http/handler.go:109.2,110.16 2 1
github.com/go-park-mail-ru/2023_1_Seekers/internal/auth/delivery/http/handler.go:110.16,115.3 4 1
github.com/go-park-mail-ru/2023_1_Seekers/internal/auth/delivery/http/handler.go:118.2,120.16 3 1
github.com/go-park-mail-ru/2023_1_Seekers/internal/auth/delivery/http/handler.go:120.16,124.3 3 0
github.com/go-park-mail-ru/2023_1_Seekers/internal/auth/delivery/http/handler.go:126.2,131.38 2 1
github.com/go-park-mail-ru/2023_1_Seekers/internal/auth/delivery/http/handler.go:134.67,137.29 3 1
github.com/go-park-mail-ru/2023_1_Seekers/internal/auth/delivery/http/handler.go:137.29,142.3 4 0
github.com/go-park-mail-ru/2023_1_Seekers/internal/auth/delivery/http/handler.go:142.8,142.23 1 1
github.com/go-park-mail-ru/2023_1_Seekers/internal/auth/delivery/http/handler.go:142.23,147.3 4 0
github.com/go-park-mail-ru/2023_1_Seekers/internal/auth/delivery/http/handler.go:149.2,150.16 2 1
github.com/go-park-mail-ru/2023_1_Seekers/internal/auth/delivery/http/handler.go:150.16,154.3 3 0
github.com/go-park-mail-ru/2023_1_Seekers/internal/auth/delivery/http/handler.go:156.2,162.30 2 1
github.com/go-park-mail-ru/2023_1_Seekers/internal/auth/delivery/http/handler.go:165.65,167.16 2 1
github.com/go-park-mail-ru/2023_1_Seekers/internal/auth/delivery/http/handler.go:167.16,171.3 3 0
github.com/go-park-mail-ru/2023_1_Seekers/internal/auth/delivery/http/handler.go:173.2,174.16 2 1
github.com/go-park-mail-ru/2023_1_Seekers/internal/auth/delivery/http/handler.go:174.16,178.3 3 0
github.com/go-park-mail-ru/2023_1_Seekers/internal/auth/delivery/http/handler.go:180.2,180.30 1 1
github.com/go-park-mail-ru/2023_1_Seekers/internal/auth/delivery/http/register.go:10.57,15.2 4 0
github.com/go-park-mail-ru/2023_1_Seekers/internal/auth/repository/inmemory/user.go:13.22,25.2 1 1
github.com/go-park-mail-ru/2023_1_Seekers/internal/auth/repository/inmemory/user.go:27.61,28.30 1 1
github.com/go-park-mail-ru/2023_1_Seekers/internal/auth/repository/inmemory/user.go:28.30,29.17 1 1
github.com/go-park-mail-ru/2023_1_Seekers/internal/auth/repository/inmemory/user.go:29.17,31.4 1 0
github.com/go-park-mail-ru/2023_1_Seekers/internal/auth/repository/inmemory/user.go:33.2,33.34 1 1
github.com/go-park-mail-ru/2023_1_Seekers/internal/auth/repository/inmemory/user.go:36.67,37.30 1 1
github.com/go-park-mail-ru/2023_1_Seekers/internal/auth/repository/inmemory/user.go:37.30,38.23 1 1
github.com/go-park-mail-ru/2023_1_Seekers/internal/auth/repository/inmemory/user.go:38.23,40.4 1 1
github.com/go-park-mail-ru/2023_1_Seekers/internal/auth/repository/inmemory/user.go:42.2,42.34 1 1
github.com/go-park-mail-ru/2023_1_Seekers/internal/auth/repository/inmemory/user.go:45.66,47.16 2 1
github.com/go-park-mail-ru/2023_1_Seekers/internal/auth/repository/inmemory/user.go:47.16,49.3 1 0
github.com/go-park-mail-ru/2023_1_Seekers/internal/auth/repository/inmemory/user.go:50.2,51.16 2 1
github.com/go-park-mail-ru/2023_1_Seekers/internal/auth/repository/inmemory/user.go:51.16,53.3 1 0
github.com/go-park-mail-ru/2023_1_Seekers/internal/auth/repository/inmemory/user.go:56.2,58.19 3 1
github.com/go-park-mail-ru/2023_1_Seekers/internal/auth/repository/inmemory/user.go:61.51,62.30 1 0
github.com/go-park-mail-ru/2023_1_Seekers/internal/auth/repository/inmemory/user.go:62.30,63.22 1 0
github.com/go-park-mail-ru/2023_1_Seekers/internal/auth/repository/inmemory/user.go:63.22,66.4 2 0
github.com/go-park-mail-ru/2023_1_Seekers/internal/auth/repository/inmemory/user.go:68.2,68.29 1 0
github.com/go-park-mail-ru/2023_1_Seekers/internal/auth/repository/inmemory/user.go:71.58,72.54 1 1
github.com/go-park-mail-ru/2023_1_Seekers/internal/auth/repository/inmemory/user.go:72.54,74.3 1 0
github.com/go-park-mail-ru/2023_1_Seekers/internal/auth/repository/inmemory/user.go:75.2,76.12 2 1
github.com/go-park-mail-ru/2023_1_Seekers/internal/auth/repository/inmemory/user.go:79.59,80.33 1 1
github.com/go-park-mail-ru/2023_1_Seekers/internal/auth/repository/inmemory/user.go:80.33,81.31 1 1
github.com/go-park-mail-ru/2023_1_Seekers/internal/auth/repository/inmemory/user.go:81.31,84.4 2 1
github.com/go-park-mail-ru/2023_1_Seekers/internal/auth/repository/inmemory/user.go:87.2,87.32 1 0
github.com/go-park-mail-ru/2023_1_Seekers/internal/auth/repository/inmemory/user.go:90.58,91.33 1 1
github.com/go-park-mail-ru/2023_1_Seekers/internal/auth/repository/inmemory/user.go:91.33,92.19 1 1
github.com/go-park-mail-ru/2023_1_Seekers/internal/auth/repository/inmemory/user.go:92.19,95.4 2 1
github.com/go-park-mail-ru/2023_1_Seekers/internal/auth/repository/inmemory/user.go:97.2,97.32 1 0
github.com/go-park-mail-ru/2023_1_Seekers/internal/auth/repository/inmemory/user.go:100.74,101.33 1 1
github.com/go-park-mail-ru/2023_1_Seekers/internal/auth/repository/inmemory/user.go:101.33,102.31 1 1
github.com/go-park-mail-ru/2023_1_Seekers/internal/auth/repository/inmemory/user.go:102.31,104.4 1 1
github.com/go-park-mail-ru/2023_1_Seekers/internal/auth/repository/inmemory/user.go:106.2,106.37 1 0
github.com/go-park-mail-ru/2023_1_Seekers/internal/auth/repository/inmemory/user.go:109.73,110.33 1 1
github.com/go-park-mail-ru/2023_1_Seekers/internal/auth/repository/inmemory/user.go:110.33,111.19 1 1
github.com/go-park-mail-ru/2023_1_Seekers/internal/auth/repository/inmemory/user.go:111.19,113.4 1 0
github.com/go-park-mail-ru/2023_1_Seekers/internal/auth/repository/inmemory/user.go:115.2,115.37 1 1
github.com/go-park-mail-ru/2023_1_Seekers/internal/auth/usecase/usecase.go:16.37,20.2 1 1
github.com/go-park-mail-ru/2023_1_Seekers/internal/auth/usecase/usecase.go:22.69,24.16 2 1
github.com/go-park-mail-ru/2023_1_Seekers/internal/auth/usecase/usecase.go:24.16,26.3 1 0
github.com/go-park-mail-ru/2023_1_Seekers/internal/auth/usecase/usecase.go:28.2,28.36 1 1
github.com/go-park-mail-ru/2023_1_Seekers/internal/auth/usecase/usecase.go:28.36,30.3 1 1
github.com/go-park-mail-ru/2023_1_Seekers/internal/auth/usecase/usecase.go:32.2,32.18 1 1
github.com/go-park-mail-ru/2023_1_Seekers/internal/auth/usecase/usecase.go:35.70,36.36 1 1
github.com/go-park-mail-ru/2023_1_Seekers/internal/auth/usecase/usecase.go:36.36,38.3 1 1
github.com/go-park-mail-ru/2023_1_Seekers/internal/auth/usecase/usecase.go:40.2,44.16 2 1
github.com/go-park-mail-ru/2023_1_Seekers/internal/auth/usecase/usecase.go:44.16,46.3 1 0
github.com/go-park-mail-ru/2023_1_Seekers/internal/auth/usecase/usecase.go:48.2,48.18 1 1
github.com/go-park-mail-ru/2023_1_Seekers/internal/auth/usecase/usecase.go:51.69,53.16 2 1
github.com/go-park-mail-ru/2023_1_Seekers/internal/auth/usecase/usecase.go:53.16,55.3 1 0
github.com/go-park-mail-ru/2023_1_Seekers/internal/auth/usecase/usecase.go:56.2,62.16 3 1
github.com/go-park-mail-ru/2023_1_Seekers/internal/auth/usecase/usecase.go:62.16,64.3 1 0
github.com/go-park-mail-ru/2023_1_Seekers/internal/auth/usecase/usecase.go:66.2,66.25 1 1
github.com/go-park-mail-ru/2023_1_Seekers/internal/auth/usecase/usecase.go:69.57,71.16 2 1
github.com/go-park-mail-ru/2023_1_Seekers/internal/auth/usecase/usecase.go:71.16,73.3 1 0
github.com/go-park-mail-ru/2023_1_Seekers/internal/auth/usecase/usecase.go:75.2,75.12 1 1
github.com/go-park-mail-ru/2023_1_Seekers/internal/auth/usecase/usecase.go:78.56,80.16 2 1
github.com/go-park-mail-ru/2023_1_Seekers/internal/auth/usecase/usecase.go:80.16,82.3 1 0
github.com/go-park-mail-ru/2023_1_Seekers/internal/auth/usecase/usecase.go:84.2,84.12 1 1
github.com/go-park-mail-ru/2023_1_Seekers/internal/auth/usecase/usecase.go:87.72,89.16 2 1
github.com/go-park-mail-ru/2023_1_Seekers/internal/auth/usecase/usecase.go:89.16,91.3 1 0
github.com/go-park-mail-ru/2023_1_Seekers/internal/auth/usecase/usecase.go:93.2,93.15 1 1
github.com/go-park-mail-ru/2023_1_Seekers/internal/auth/usecase/usecase.go:96.71,98.16 2 0
github.com/go-park-mail-ru/2023_1_Seekers/internal/auth/usecase/usecase.go:98.16,100.3 1 0
github.com/go-park-mail-ru/2023_1_Seekers/internal/auth/usecase/usecase.go:102.2,102.15 1 0
github.com/go-park-mail-ru/2023_1_Seekers/internal/user/repository/inmemory/repository.go:12.22,20.2 1 1
github.com/go-park-mail-ru/2023_1_Seekers/internal/user/repository/inmemory/repository.go:22.73,23.33 1 1
github.com/go-park-mail-ru/2023_1_Seekers/internal/user/repository/inmemory/repository.go:23.33,24.18 1 1
github.com/go-park-mail-ru/2023_1_Seekers/internal/user/repository/inmemory/repository.go:24.18,26.4 1 0
github.com/go-park-mail-ru/2023_1_Seekers/internal/user/repository/inmemory/repository.go:28.2,28.34 1 1
github.com/go-park-mail-ru/2023_1_Seekers/internal/user/repository/inmemory/repository.go:31.66,33.16 2 1
github.com/go-park-mail-ru/2023_1_Seekers/internal/user/repository/inmemory/repository.go:33.16,35.3 1 0
github.com/go-park-mail-ru/2023_1_Seekers/internal/user/repository/inmemory/repository.go:36.2,37.12 2 1
github.com/go-park-mail-ru/2023_1_Seekers/internal/user/usecase/usecase.go:12.36,14.2 1 1
github.com/go-park-mail-ru/2023_1_Seekers/internal/user/usecase/usecase.go:16.62,18.2 1 1
github.com/go-park-mail-ru/2023_1_Seekers/internal/user/usecase/usecase.go:19.69,21.2 1 0
github.com/go-park-mail-ru/2023_1_Seekers/pkg/rand.go:8.41,11.27 3 1
github.com/go-park-mail-ru/2023_1_Seekers/pkg/rand.go:11.27,13.17 2 1
github.com/go-park-mail-ru/2023_1_Seekers/pkg/rand.go:13.17,15.4 1 0
github.com/go-park-mail-ru/2023_1_Seekers/pkg/rand.go:16.3,16.38 1 1
github.com/go-park-mail-ru/2023_1_Seekers/pkg/rand.go:18.2,18.31 1 1
github.com/go-park-mail-ru/2023_1_Seekers/pkg/send_error.go:8.62,10.2 1 1
github.com/go-park-mail-ru/2023_1_Seekers/pkg/send_json.go:11.66,13.16 2 1
github.com/go-park-mail-ru/2023_1_Seekers/pkg/send_json.go:13.16,17.3 3 0
github.com/go-park-mail-ru/2023_1_Seekers/pkg/send_json.go:19.2,23.16 4 1
github.com/go-park-mail-ru/2023_1_Seekers/pkg/send_json.go:23.16,27.3 3 0
github.com/go-park-mail-ru/2023_1_Seekers/pkg/errors/errors.go:8.36,10.2 1 1
github.com/go-park-mail-ru/2023_1_Seekers/pkg/errors/errors.go:12.40,17.2 1 1
github.com/go-park-mail-ru/2023_1_Seekers/pkg/errors/errors.go:19.66,24.2 1 1
